2023-09-25 08:23:58,403 [INFO] Activator:177 - 


2023-09-25 08:23:58,403 [INFO] Activator:178 - !SESSION log4j initialized
2023-09-25 08:24:32,166 [INFO] McuFinderGlobals:39 - Set McuFinder mode to 2 (CubeIDE integrated)
2023-09-25 08:24:32,313 [INFO] ApplicationProperties:181 - Using Application install path: D:\IDEmcu\STM32CubeIDE_1.7.0\STM32CubeIDE\plugins\com.st.stm32cube.common.mx_6.3.0.202107141111
2023-09-25 08:24:32,324 [INFO] DbMcusXml:74 - Set database path to: D:\IDEmcu\STM32CubeIDE_1.7.0\STM32CubeIDE\plugins\com.st.stm32cube.common.mx_6.3.0.202107141111\\db\/mcu/
2023-09-25 08:24:32,324 [INFO] DbBoardsPdsc:56 - Set plugin database path to: D:\IDEmcu\STM32CubeIDE_1.7.0\STM32CubeIDE\plugins\com.st.stm32cube.common.mx_6.3.0.202107141111\\db\/plugins/boardmanager/
2023-09-25 08:24:32,324 [INFO] DbMcus:258 - Set plugin images path to: D:\IDEmcu\STM32CubeIDE_1.7.0\STM32CubeIDE\plugins\com.st.stm32cube.common.mx_6.3.0.202107141111\\db\/plugins/mcufinder/images/
2023-09-25 08:24:32,324 [INFO] DbBoards:264 - Set plugin images path to: D:\IDEmcu\STM32CubeIDE_1.7.0\STM32CubeIDE\plugins\com.st.stm32cube.common.mx_6.3.0.202107141111\\db\/plugins/mcufinder/images/
2023-09-25 08:24:32,324 [INFO] DbExamples:333 - Set plugin images path to: D:\IDEmcu\STM32CubeIDE_1.7.0\STM32CubeIDE\plugins\com.st.stm32cube.common.mx_6.3.0.202107141111\\db\/plugins/mcufinder/images/
2023-09-25 08:24:32,334 [INFO] DbMcusAds:119 - Set database path to: C:\Users\Admin\.stmcufinder\plugins\mcufinder//mcu/
2023-09-25 08:24:32,334 [INFO] DbMcusDocs:110 - Set database path to: C:\Users\Admin\.stmcufinder\plugins\mcufinder//mcu/
2023-09-25 08:24:32,334 [INFO] DbMcusJson:64 - Set database path to: C:\Users\Admin\.stmcufinder\plugins\mcufinder//mcu/
2023-09-25 08:24:32,334 [INFO] DbBoardsDocs:110 - Set database path to: C:\Users\Admin\.stmcufinder\plugins\mcufinder//mcu/
2023-09-25 08:24:32,334 [INFO] DbBoardsJson:57 - Set database path to: C:\Users\Admin\.stmcufinder\plugins\mcufinder//mcu/
2023-09-25 08:24:32,365 [INFO] CrossReferenceDbSqlite:196 - Set database path to: C:\Users\Admin\.stmcufinder\plugins\mcufinder//mcu/cs/
2023-09-25 08:24:32,365 [INFO] DbExamplesSqlite:767 - Set database path to: C:\Users\Admin\.stmcufinder\plugins\mcufinder//mcu/
2023-09-25 08:24:32,446 [INFO] RulesReader:57 - Compatibility file has been processed (242 Rules)
2023-09-25 08:24:32,517 [INFO] DbMcusXml:74 - Set database path to: D:\IDEmcu\STM32CubeIDE_1.7.0\STM32CubeIDE\plugins\com.st.stm32cube.common.mx_6.3.0.202107141111\\db\/mcu/
2023-09-25 08:24:32,517 [INFO] DbBoardsPdsc:56 - Set plugin database path to: D:\IDEmcu\STM32CubeIDE_1.7.0\STM32CubeIDE\plugins\com.st.stm32cube.common.mx_6.3.0.202107141111\\db\/plugins/boardmanager/
2023-09-25 08:24:32,527 [INFO] DbMcus:258 - Set plugin images path to: D:\IDEmcu\STM32CubeIDE_1.7.0\STM32CubeIDE\plugins\com.st.stm32cube.common.mx_6.3.0.202107141111\\db\/plugins/mcufinder/images/
2023-09-25 08:24:32,527 [INFO] DbBoards:264 - Set plugin images path to: D:\IDEmcu\STM32CubeIDE_1.7.0\STM32CubeIDE\plugins\com.st.stm32cube.common.mx_6.3.0.202107141111\\db\/plugins/mcufinder/images/
2023-09-25 08:24:32,527 [INFO] DbExamples:333 - Set plugin images path to: D:\IDEmcu\STM32CubeIDE_1.7.0\STM32CubeIDE\plugins\com.st.stm32cube.common.mx_6.3.0.202107141111\\db\/plugins/mcufinder/images/
2023-09-25 08:24:32,527 [WARN] DbFile:35 - Overriding database path with different value: C:\Users\Admin\.stmcufinder\plugins\mcufinder/ => C:\Users\Admin\.stmcufinder\plugins\mcufinder
2023-09-25 08:24:32,527 [INFO] DbMcusAds:119 - Set database path to: C:\Users\Admin\.stmcufinder\plugins\mcufinder//mcu/
2023-09-25 08:24:32,527 [WARN] DbFile:35 - Overriding database path with different value: C:\Users\Admin\.stmcufinder\plugins\mcufinder/ => C:\Users\Admin\.stmcufinder\plugins\mcufinder
2023-09-25 08:24:32,527 [INFO] DbMcusDocs:110 - Set database path to: C:\Users\Admin\.stmcufinder\plugins\mcufinder//mcu/
2023-09-25 08:24:32,527 [WARN] DbFile:35 - Overriding database path with different value: C:\Users\Admin\.stmcufinder\plugins\mcufinder/ => C:\Users\Admin\.stmcufinder\plugins\mcufinder
2023-09-25 08:24:32,527 [INFO] DbMcusJson:64 - Set database path to: C:\Users\Admin\.stmcufinder\plugins\mcufinder//mcu/
2023-09-25 08:24:32,527 [WARN] DbFile:35 - Overriding database path with different value: C:\Users\Admin\.stmcufinder\plugins\mcufinder/ => C:\Users\Admin\.stmcufinder\plugins\mcufinder
2023-09-25 08:24:32,527 [INFO] DbBoardsDocs:110 - Set database path to: C:\Users\Admin\.stmcufinder\plugins\mcufinder//mcu/
2023-09-25 08:24:32,527 [WARN] DbFile:35 - Overriding database path with different value: C:\Users\Admin\.stmcufinder\plugins\mcufinder/ => C:\Users\Admin\.stmcufinder\plugins\mcufinder
2023-09-25 08:24:32,527 [INFO] DbBoardsJson:57 - Set database path to: C:\Users\Admin\.stmcufinder\plugins\mcufinder//mcu/
2023-09-25 08:24:32,527 [WARN] DbFile:35 - Overriding database path with different value: C:\Users\Admin\.stmcufinder\plugins\mcufinder/ => C:\Users\Admin\.stmcufinder\plugins\mcufinder
2023-09-25 08:24:32,527 [WARN] DbFile:35 - Overriding database path with different value: C:\Users\Admin\.stmcufinder\plugins\mcufinder/ => C:\Users\Admin\.stmcufinder\plugins\mcufinder
2023-09-25 08:24:32,527 [INFO] CrossReferenceDbSqlite:196 - Set database path to: C:\Users\Admin\.stmcufinder\plugins\mcufinder//mcu/cs/
2023-09-25 08:24:32,527 [WARN] DbFile:35 - Overriding database path with different value: C:\Users\Admin\.stmcufinder\plugins\mcufinder/ => C:\Users\Admin\.stmcufinder\plugins\mcufinder
2023-09-25 08:24:32,527 [INFO] DbExamplesSqlite:767 - Set database path to: C:\Users\Admin\.stmcufinder\plugins\mcufinder//mcu/
2023-09-25 08:24:32,578 [INFO] MainPanel:214 - HeapMemory: 268435456
2023-09-25 08:24:32,659 [INFO] DbMcusXml:74 - Set database path to: D:\IDEmcu\STM32CubeIDE_1.7.0\STM32CubeIDE\plugins\com.st.stm32cube.common.mx_6.3.0.202107141111\\db\/mcu/
2023-09-25 08:24:32,659 [INFO] DbBoardsPdsc:56 - Set plugin database path to: D:\IDEmcu\STM32CubeIDE_1.7.0\STM32CubeIDE\plugins\com.st.stm32cube.common.mx_6.3.0.202107141111\\db\/plugins/boardmanager/
2023-09-25 08:24:32,659 [INFO] DbMcus:258 - Set plugin images path to: D:\IDEmcu\STM32CubeIDE_1.7.0\STM32CubeIDE\plugins\com.st.stm32cube.common.mx_6.3.0.202107141111\\db\/plugins/mcufinder/images/
2023-09-25 08:24:32,659 [INFO] DbBoards:264 - Set plugin images path to: D:\IDEmcu\STM32CubeIDE_1.7.0\STM32CubeIDE\plugins\com.st.stm32cube.common.mx_6.3.0.202107141111\\db\/plugins/mcufinder/images/
2023-09-25 08:24:32,659 [INFO] DbExamples:333 - Set plugin images path to: D:\IDEmcu\STM32CubeIDE_1.7.0\STM32CubeIDE\plugins\com.st.stm32cube.common.mx_6.3.0.202107141111\\db\/plugins/mcufinder/images/
2023-09-25 08:24:32,659 [WARN] DbFile:35 - Overriding database path with different value: C:\Users\Admin\.stmcufinder\plugins\mcufinder/ => C:\Users\Admin\.stmcufinder\plugins\mcufinder
2023-09-25 08:24:32,659 [INFO] DbMcusAds:119 - Set database path to: C:\Users\Admin\.stmcufinder\plugins\mcufinder//mcu/
2023-09-25 08:24:32,659 [WARN] DbFile:35 - Overriding database path with different value: C:\Users\Admin\.stmcufinder\plugins\mcufinder/ => C:\Users\Admin\.stmcufinder\plugins\mcufinder
2023-09-25 08:24:32,659 [INFO] DbMcusDocs:110 - Set database path to: C:\Users\Admin\.stmcufinder\plugins\mcufinder//mcu/
2023-09-25 08:24:32,659 [WARN] DbFile:35 - Overriding database path with different value: C:\Users\Admin\.stmcufinder\plugins\mcufinder/ => C:\Users\Admin\.stmcufinder\plugins\mcufinder
2023-09-25 08:24:32,659 [INFO] DbMcusJson:64 - Set database path to: C:\Users\Admin\.stmcufinder\plugins\mcufinder//mcu/
2023-09-25 08:24:32,659 [WARN] DbFile:35 - Overriding database path with different value: C:\Users\Admin\.stmcufinder\plugins\mcufinder/ => C:\Users\Admin\.stmcufinder\plugins\mcufinder
2023-09-25 08:24:32,659 [INFO] DbBoardsDocs:110 - Set database path to: C:\Users\Admin\.stmcufinder\plugins\mcufinder//mcu/
2023-09-25 08:24:32,659 [WARN] DbFile:35 - Overriding database path with different value: C:\Users\Admin\.stmcufinder\plugins\mcufinder/ => C:\Users\Admin\.stmcufinder\plugins\mcufinder
2023-09-25 08:24:32,659 [INFO] DbBoardsJson:57 - Set database path to: C:\Users\Admin\.stmcufinder\plugins\mcufinder//mcu/
2023-09-25 08:24:32,659 [WARN] DbFile:35 - Overriding database path with different value: C:\Users\Admin\.stmcufinder\plugins\mcufinder/ => C:\Users\Admin\.stmcufinder\plugins\mcufinder
2023-09-25 08:24:32,659 [WARN] DbFile:35 - Overriding database path with different value: C:\Users\Admin\.stmcufinder\plugins\mcufinder/ => C:\Users\Admin\.stmcufinder\plugins\mcufinder
2023-09-25 08:24:32,659 [INFO] CrossReferenceDbSqlite:196 - Set database path to: C:\Users\Admin\.stmcufinder\plugins\mcufinder//mcu/cs/
2023-09-25 08:24:32,659 [WARN] DbFile:35 - Overriding database path with different value: C:\Users\Admin\.stmcufinder\plugins\mcufinder/ => C:\Users\Admin\.stmcufinder\plugins\mcufinder
2023-09-25 08:24:32,659 [INFO] DbExamplesSqlite:767 - Set database path to: C:\Users\Admin\.stmcufinder\plugins\mcufinder//mcu/
2023-09-25 08:24:32,669 [INFO] ApplicationProperties:181 - Using Application install path: D:\IDEmcu\STM32CubeIDE_1.7.0\STM32CubeIDE\plugins\com.st.stm32cube.common.mx_6.3.0.202107141111
2023-09-25 08:24:32,669 [INFO] PluginManage:188 - Search for loadable plugins [exclusion list=, ]
2023-09-25 08:24:32,669 [INFO] PluginManage:302 - Check plugin analytics
2023-09-25 08:24:32,797 [INFO] AnalyticsPlugin:257 - Accepted Software Licenses: 
2023-09-25 08:24:32,797 [INFO] AnalyticsPlugin:259 - Accepted CMSIS Pack Licenses: 
2023-09-25 08:24:32,797 [INFO] AnalyticsPlugin:261 - Accepted Firmware Licenses: 
2023-09-25 08:24:32,797 [INFO] PluginManage:352 - Loaded plugin analytics (category:tool,tabindex:-1)
2023-09-25 08:24:32,797 [INFO] PluginManage:302 - Check plugin clock
2023-09-25 08:24:32,807 [INFO] PluginManage:352 - Loaded plugin clock (category:base,tabindex:2)
2023-09-25 08:24:32,807 [INFO] PluginManage:302 - Check plugin ddr
2023-09-25 08:24:32,807 [INFO] PluginManage:352 - Loaded plugin ddr (category:tool,tabindex:6)
2023-09-25 08:24:32,807 [INFO] PluginManage:302 - Check plugin filemanager
2023-09-25 08:24:32,919 [INFO] PluginManage:352 - Loaded plugin filemanager (category:base,tabindex:10)
2023-09-25 08:24:32,919 [INFO] PluginManage:302 - Check plugin ipmanager
2023-09-25 08:24:32,929 [INFO] PluginManage:352 - Loaded plugin ipmanager (category:base,tabindex:5)
2023-09-25 08:24:32,929 [INFO] PluginManage:302 - Check plugin pinoutandconfiguration
2023-09-25 08:24:32,929 [INFO] PluginManage:352 - Loaded plugin pinoutandconfiguration (category:base,tabindex:1)
2023-09-25 08:24:32,929 [INFO] PluginManage:302 - Check plugin pinoutconfig
2023-09-25 08:24:32,960 [INFO] PluginManage:352 - Loaded plugin pinoutconfig (category:base,tabindex:0)
2023-09-25 08:24:32,960 [INFO] PluginManage:302 - Check plugin power
2023-09-25 08:24:32,970 [INFO] PluginManage:352 - Loaded plugin power (category:power,tabindex:4)
2023-09-25 08:24:32,970 [INFO] PluginManage:302 - Check plugin projectmanager
2023-09-25 08:24:32,980 [INFO] PluginManage:352 - Loaded plugin projectmanager (category:projectmanager,tabindex:3)
2023-09-25 08:24:32,980 [INFO] PluginManage:302 - Check plugin thirdparty
2023-09-25 08:24:33,081 [INFO] PluginManage:352 - Loaded plugin thirdparty (category:base,tabindex:-1)
2023-09-25 08:24:33,081 [WARN] IntegrityCheckThread:78 - waiting for thirdparty lock release [integrity check]
2023-09-25 08:24:33,081 [INFO] PluginManage:302 - Check plugin tools
2023-09-25 08:24:33,081 [INFO] IntegrityCheckThread:80 - entering critical section [integrity check]
2023-09-25 08:24:33,081 [INFO] ThirdPartyUpdaterWithRetryManager:66 - Updater plugin not ready yet. [1/15]
2023-09-25 08:24:33,091 [INFO] PluginManage:352 - Loaded plugin tools (category:base,tabindex:7)
2023-09-25 08:24:33,092 [INFO] PluginManage:302 - Check plugin tutovideos
2023-09-25 08:24:33,276 [INFO] PluginManage:352 - Loaded plugin tutovideos (category:base,tabindex:-1)
2023-09-25 08:24:33,276 [INFO] PluginManage:302 - Check plugin updater
2023-09-25 08:24:33,286 [INFO] PluginManage:352 - Loaded plugin updater (category:base,tabindex:12)
2023-09-25 08:24:33,286 [INFO] PluginManage:275 - PluginManage : Loaded plugins [13]
2023-09-25 08:24:33,429 [INFO] PinOutPanel:1463 - setPackage(No Configuration,No Configuration)
2023-09-25 08:24:33,510 [INFO] IPUIPlugin:74 - create IPUIPlugin
2023-09-25 08:24:33,510 [INFO] PluginManager:213 - loadIPPluginJar : add adc
2023-09-25 08:24:33,510 [INFO] IPUIPlugin:74 - create IPUIPlugin
2023-09-25 08:24:33,510 [INFO] PluginManager:213 - loadIPPluginJar : add aes
2023-09-25 08:24:33,510 [INFO] IPUIPlugin:74 - create IPUIPlugin
2023-09-25 08:24:33,510 [INFO] PluginManager:213 - loadIPPluginJar : add can
2023-09-25 08:24:33,510 [INFO] IPUIPlugin:74 - create IPUIPlugin
2023-09-25 08:24:33,510 [INFO] PluginManager:213 - loadIPPluginJar : add comp
2023-09-25 08:24:33,510 [INFO] IPUIPlugin:74 - create IPUIPlugin
2023-09-25 08:24:33,510 [INFO] PluginManager:213 - loadIPPluginJar : add cryp
2023-09-25 08:24:33,520 [INFO] IPUIPlugin:74 - create IPUIPlugin
2023-09-25 08:24:33,520 [INFO] PluginManager:213 - loadIPPluginJar : add dfsdm
2023-09-25 08:24:33,520 [INFO] IPUIPlugin:74 - create IPUIPlugin
2023-09-25 08:24:33,520 [INFO] PluginManager:213 - loadIPPluginJar : add dma
2023-09-25 08:24:33,520 [INFO] IPUIPlugin:74 - create IPUIPlugin
2023-09-25 08:24:33,520 [INFO] PluginManager:213 - loadIPPluginJar : add dma3
2023-09-25 08:24:33,530 [INFO] IPUIPlugin:74 - create IPUIPlugin
2023-09-25 08:24:33,530 [INFO] PluginManager:213 - loadIPPluginJar : add fatfs
2023-09-25 08:24:33,530 [INFO] IPUIPlugin:74 - create IPUIPlugin
2023-09-25 08:24:33,530 [INFO] PluginManager:213 - loadIPPluginJar : add fmc
2023-09-25 08:24:33,540 [INFO] IPUIPlugin:74 - create IPUIPlugin
2023-09-25 08:24:33,540 [INFO] PluginManager:213 - loadIPPluginJar : add freertos
2023-09-25 08:24:33,540 [INFO] IPUIPlugin:74 - create IPUIPlugin
2023-09-25 08:24:33,540 [INFO] PluginManager:213 - loadIPPluginJar : add genericplugin
2023-09-25 08:24:33,540 [INFO] IPUIPlugin:74 - create IPUIPlugin
2023-09-25 08:24:33,540 [INFO] PluginManager:213 - loadIPPluginJar : add gfxmmu
2023-09-25 08:24:33,550 [INFO] IPUIPlugin:74 - create IPUIPlugin
2023-09-25 08:24:33,550 [INFO] PluginManager:213 - loadIPPluginJar : add gic
2023-09-25 08:24:33,550 [INFO] IPUIPlugin:74 - create IPUIPlugin
2023-09-25 08:24:33,550 [INFO] PluginManager:213 - loadIPPluginJar : add gpio
2023-09-25 08:24:33,550 [INFO] IPUIPlugin:74 - create IPUIPlugin
2023-09-25 08:24:33,550 [INFO] PluginManager:213 - loadIPPluginJar : add gtzc
2023-09-25 08:24:33,550 [INFO] IPUIPlugin:74 - create IPUIPlugin
2023-09-25 08:24:33,550 [INFO] PluginManager:213 - loadIPPluginJar : add hash
2023-09-25 08:24:33,560 [INFO] IPUIPlugin:74 - create IPUIPlugin
2023-09-25 08:24:33,560 [INFO] PluginManager:213 - loadIPPluginJar : add i2c
2023-09-25 08:24:33,560 [INFO] IPUIPlugin:74 - create IPUIPlugin
2023-09-25 08:24:33,560 [INFO] PluginManager:213 - loadIPPluginJar : add i2s
2023-09-25 08:24:33,560 [INFO] IPUIPlugin:74 - create IPUIPlugin
2023-09-25 08:24:33,560 [INFO] PluginManager:213 - loadIPPluginJar : add ipddr
2023-09-25 08:24:33,571 [INFO] IPUIPlugin:74 - create IPUIPlugin
2023-09-25 08:24:33,571 [INFO] PluginManager:213 - loadIPPluginJar : add linkedlist
2023-09-25 08:24:33,571 [INFO] IPUIPlugin:74 - create IPUIPlugin
2023-09-25 08:24:33,571 [INFO] PluginManager:213 - loadIPPluginJar : add lorawan
2023-09-25 08:24:33,571 [INFO] IPUIPlugin:74 - create IPUIPlugin
2023-09-25 08:24:33,571 [INFO] PluginManager:213 - loadIPPluginJar : add ltdc
2023-09-25 08:24:33,581 [INFO] IPUIPlugin:74 - create IPUIPlugin
2023-09-25 08:24:33,581 [INFO] PluginManager:213 - loadIPPluginJar : add mdma
2023-09-25 08:24:33,581 [INFO] IPUIPlugin:74 - create IPUIPlugin
2023-09-25 08:24:33,581 [INFO] PluginManager:213 - loadIPPluginJar : add nvic
2023-09-25 08:24:33,581 [INFO] IPUIPlugin:74 - create IPUIPlugin
2023-09-25 08:24:33,581 [INFO] PluginManager:213 - loadIPPluginJar : add opamp
2023-09-25 08:24:33,591 [INFO] IPUIPlugin:74 - create IPUIPlugin
2023-09-25 08:24:33,591 [INFO] PluginManager:213 - loadIPPluginJar : add openamp
2023-09-25 08:24:33,591 [INFO] IPUIPlugin:74 - create IPUIPlugin
2023-09-25 08:24:33,591 [INFO] PluginManager:213 - loadIPPluginJar : add pdm2pcm
2023-09-25 08:24:33,591 [INFO] IPUIPlugin:74 - create IPUIPlugin
2023-09-25 08:24:33,601 [INFO] PluginManager:213 - loadIPPluginJar : add plateformsettings
2023-09-25 08:24:33,601 [INFO] IPUIPlugin:74 - create IPUIPlugin
2023-09-25 08:24:33,601 [INFO] PluginManager:213 - loadIPPluginJar : add quadspi
2023-09-25 08:24:33,601 [INFO] IPUIPlugin:74 - create IPUIPlugin
2023-09-25 08:24:33,601 [INFO] PluginManager:213 - loadIPPluginJar : add resmgrutility
2023-09-25 08:24:33,601 [INFO] IPUIPlugin:74 - create IPUIPlugin
2023-09-25 08:24:33,601 [INFO] PluginManager:213 - loadIPPluginJar : add sai
2023-09-25 08:24:33,611 [INFO] IPUIPlugin:74 - create IPUIPlugin
2023-09-25 08:24:33,611 [INFO] PluginManager:213 - loadIPPluginJar : add spi
2023-09-25 08:24:33,611 [INFO] IPUIPlugin:74 - create IPUIPlugin
2023-09-25 08:24:33,611 [INFO] PluginManager:213 - loadIPPluginJar : add stm32_wpan
2023-09-25 08:24:33,611 [INFO] IPUIPlugin:74 - create IPUIPlugin
2023-09-25 08:24:33,611 [INFO] PluginManager:213 - loadIPPluginJar : add tim
2023-09-25 08:24:33,622 [INFO] IPUIPlugin:74 - create IPUIPlugin
2023-09-25 08:24:33,622 [INFO] PluginManager:213 - loadIPPluginJar : add touchsensing
2023-09-25 08:24:33,622 [INFO] IPUIPlugin:74 - create IPUIPlugin
2023-09-25 08:24:33,622 [INFO] PluginManager:213 - loadIPPluginJar : add tracer_emb
2023-09-25 08:24:33,622 [INFO] IPUIPlugin:74 - create IPUIPlugin
2023-09-25 08:24:33,622 [INFO] PluginManager:213 - loadIPPluginJar : add ts
2023-09-25 08:24:33,622 [INFO] IPUIPlugin:74 - create IPUIPlugin
2023-09-25 08:24:33,622 [INFO] PluginManager:213 - loadIPPluginJar : add tsc
2023-09-25 08:24:33,622 [INFO] IPUIPlugin:74 - create IPUIPlugin
2023-09-25 08:24:33,622 [INFO] PluginManager:213 - loadIPPluginJar : add ucpd
2023-09-25 08:24:33,622 [INFO] IPUIPlugin:74 - create IPUIPlugin
2023-09-25 08:24:33,622 [INFO] PluginManager:213 - loadIPPluginJar : add usart
2023-09-25 08:24:33,632 [INFO] IPUIPlugin:74 - create IPUIPlugin
2023-09-25 08:24:33,632 [INFO] PluginManager:213 - loadIPPluginJar : add usbx
2023-09-25 08:24:33,888 [FATAL] Updater:294 - Updater called before beeing initialized
2023-09-25 08:24:33,969 [FATAL] Updater:294 - Updater called before beeing initialized
2023-09-25 08:24:33,979 [INFO] DbMcusAds:47 - JSON generation date=Tue Mar 07 15:50:55 ICT 2023 (1678179055114)
2023-09-25 08:24:33,979 [FATAL] Updater:294 - Updater called before beeing initialized
2023-09-25 08:24:34,009 [WARN] DetailPanel:314 - Failed to get advertising image, set to default
2023-09-25 08:24:34,091 [FATAL] Updater:294 - Updater called before beeing initialized
2023-09-25 08:24:34,091 [FATAL] Updater:294 - Updater called before beeing initialized
2023-09-25 08:24:34,091 [FATAL] Updater:294 - Updater called before beeing initialized
2023-09-25 08:24:34,091 [WARN] DetailPanel:314 - Failed to get advertising image, set to default
2023-09-25 08:24:34,091 [FATAL] Updater:294 - Updater called before beeing initialized
2023-09-25 08:24:34,158 [ERROR] Updater:1075 - MainUpdater not yet initialized. External WinMGr cannot be set.
2023-09-25 08:24:34,158 [INFO] Updater:1012 - Updater Version found : 6.3.0
2023-09-25 08:24:34,178 [INFO] ApplicationProperties:181 - Using Application install path: D:\IDEmcu\STM32CubeIDE_1.7.0\STM32CubeIDE\plugins\com.st.stm32cube.common.mx_6.3.0.202107141111
2023-09-25 08:24:35,342 [INFO] MainUpdater:2671 - connection check result : 10
2023-09-25 08:24:35,342 [INFO] MainUpdater:265 - Updater Check For Update Now.
2023-09-25 08:24:35,342 [INFO] MicroXplorer:478 - Change Database Version : DB.6.0.30
2023-09-25 08:24:35,489 [INFO] CheckServerUpdateThread:112 - End of CheckServer Thread
2023-09-25 08:24:35,570 [INFO] MainUpdater:2671 - connection check result : 10
2023-09-25 08:24:35,738 [INFO] McuFinderGlobals:52 - Set McuFinderConnectedMode to false
2023-09-25 08:24:35,815 [INFO] CrossSelectorPresenter:1330 - Cross Selector saved comparison directory: C:\Users\Admin\.stmcufinder\plugins\mcufinder\mcu\cs_comparisons_mx
2023-09-25 08:24:35,825 [INFO] MultiScanPanel:197 - Auto-refresh data requested => check proxy status ongoing
2023-09-25 08:24:35,825 [INFO] MultiScanPanel:201 - Proxy status is invalid
2023-09-25 08:24:35,825 [INFO] FinderPluginLoader:87 - Searching for filters in installed packs
2023-09-25 08:24:35,825 [INFO] DbMcusXml:100 - Load MCU database from D:\IDEmcu\STM32CubeIDE_1.7.0\STM32CubeIDE\plugins\com.st.stm32cube.common.mx_6.3.0.202107141111\\db\/mcu/families.xml
2023-09-25 08:24:36,223 [ERROR] Engine:463 - C:\Users\Admin\.stm32cubemx\thirdparties\pdsc\STMicroelectronics.X-CUBE-SMBUS.2.1.0.pdsc: PDSC version is not supported
2023-09-25 08:24:36,317 [WARN] PackLoader:238 - Cannot read IP mode file for STMicroelectronics.X-CUBE-AZRTOS-F7.1.1.0
2023-09-25 08:24:36,327 [ERROR] Engine:463 - C:\Users\Admin\.stm32cubemx\thirdparties\pdsc\STMicroelectronics.FP-SNS-MOTENV1.4.3.2.pdsc: PDSC version is not supported
2023-09-25 08:24:36,338 [ERROR] Engine:463 - C:\Users\Admin\.stm32cubemx\thirdparties\pdsc\STMicroelectronics.FP-SNS-FLIGHT1.5.0.2.pdsc: PDSC version is not supported
2023-09-25 08:24:36,338 [ERROR] Engine:463 - C:\Users\Admin\.stm32cubemx\thirdparties\pdsc\STMicroelectronics.X-CUBE-DISPLAY.3.0.0.pdsc: PDSC version is not supported
2023-09-25 08:24:36,348 [WARN] PackLoader:238 - Cannot read IP mode file for STMicroelectronics.X-CUBE-BLE1.7.0.0
2023-09-25 08:24:36,348 [ERROR] Engine:463 - C:\Users\Admin\.stm32cubemx\thirdparties\pdsc\emotas.I-CUBE-CANOPEN.1.3.0.pdsc: PDSC version is not supported
2023-09-25 08:24:36,358 [WARN] PackLoader:238 - Cannot read IP mode file for STMicroelectronics.X-CUBE-TOUCHGFX.4.22.0
2023-09-25 08:24:36,358 [ERROR] Engine:463 - C:\Users\Admin\.stm32cubemx\thirdparties\pdsc\STMicroelectronics.FP-SNS-SMARTAG2.1.2.0.pdsc: PDSC version is not supported
2023-09-25 08:24:36,368 [INFO] LogOutputStream:76 - [STDOUT_REDIRECT] 1 : Invalid condition id : UX_CORESTACK_Condition cause : null
2023-09-25 08:24:36,368 [INFO] LogOutputStream:76 - [STDOUT_REDIRECT] 1 : Invalid condition id : UX_CORESTACK_Condition cause : null
2023-09-25 08:24:36,368 [INFO] LogOutputStream:76 - [STDOUT_REDIRECT] 1 : Invalid condition id : UX_CORESTACK_Condition cause : null
2023-09-25 08:24:36,368 [INFO] LogOutputStream:76 - [STDOUT_REDIRECT] 1 : Invalid condition id : UX_CORESTACK_Condition cause : null
2023-09-25 08:24:36,378 [INFO] LogOutputStream:76 - [STDOUT_REDIRECT] 1 : Invalid condition id : UX_CORESTACK_Condition cause : null
2023-09-25 08:24:36,378 [WARN] PackLoader:238 - Cannot read IP mode file for STMicroelectronics.X-CUBE-AZRTOS-WL.2.0.0
2023-09-25 08:24:36,389 [WARN] PackLoader:238 - Cannot read IP mode file for WES.I-CUBE-Cesium.1.3.0
2023-09-25 08:24:36,389 [WARN] PackLoader:238 - Cannot read IP mode file for STMicroelectronics.X-CUBE-BLE2.3.3.0
2023-09-25 08:24:36,399 [WARN] PackLoader:238 - Cannot read IP mode file for STMicroelectronics.X-CUBE-ALGOBUILD.1.3.0
2023-09-25 08:24:36,409 [WARN] PackLoader:238 - Cannot read IP mode file for STMicroelectronics.X-CUBE-AZRTOS-G0.1.1.0
2023-09-25 08:24:36,433 [WARN] PackLoader:238 - Cannot read IP mode file for STMicroelectronics.X-CUBE-NFC4.3.0.0
2023-09-25 08:24:36,433 [WARN] PackLoader:238 - Cannot read IP mode file for STMicroelectronics.FP-ATR-SIGFOX1.3.2.0
2023-09-25 08:24:36,480 [WARN] PackLoader:238 - Cannot read IP mode file for SEGGER.I-CUBE-embOS.1.3.1
2023-09-25 08:24:36,564 [WARN] PackLoader:238 - Cannot read IP mode file for STMicroelectronics.X-CUBE-GNSS1.6.0.0
2023-09-25 08:24:36,595 [WARN] PackLoader:238 - Cannot read IP mode file for STMicroelectronics.X-CUBE-AZRTOS-F4.1.1.0
2023-09-25 08:24:36,595 [INFO] DbMcusJson:93 - JSON generation date=Tue Nov 16 23:17:54 ICT 2021 (1637079474)
2023-09-25 08:24:36,605 [WARN] PackLoader:238 - Cannot read IP mode file for wolfSSL.I-CUBE-wolfSSL.5.6.3
2023-09-25 08:24:36,615 [WARN] PackLoader:238 - Cannot read IP mode file for STMicroelectronics.X-CUBE-AZRTOS-L5.2.0.0
2023-09-25 08:24:36,676 [WARN] PackLoader:238 - Cannot read IP mode file for STMicroelectronics.X-CUBE-MEMS1.9.6.0
2023-09-25 08:24:36,908 [WARN] PackLoader:238 - Cannot read IP mode file for STMicroelectronics.X-CUBE-BLEMGR.2.0.0
2023-09-25 08:24:36,950 [WARN] ConditionMgr:437 - getConditionDescription Invalid condition id : UX DEVICE CLASS RTOS Condition cause : null
2023-09-25 08:24:36,950 [WARN] ConditionMgr:437 - getConditionDescription Invalid condition id : UX DEVICE CLASS RTOS Condition cause : null
2023-09-25 08:24:36,950 [WARN] PackLoader:238 - Cannot read IP mode file for STMicroelectronics.X-CUBE-AZRTOS-H7.3.1.0
2023-09-25 08:24:36,960 [WARN] ConditionMgr:1038 - genDependencies : Invalid condition id : UX DEVICE CLASS RTOS Condition cause : null
2023-09-25 08:24:36,960 [WARN] ConditionMgr:1038 - genDependencies : Invalid condition id : UX DEVICE CLASS RTOS Condition cause : null
2023-09-25 08:24:36,961 [WARN] ConditionMgr:1038 - genDependencies : Invalid condition id : UX DEVICE CLASS RTOS Condition cause : null
2023-09-25 08:24:36,961 [WARN] ConditionMgr:1038 - genDependencies : Invalid condition id : UX DEVICE CLASS RTOS Condition cause : null
2023-09-25 08:24:36,961 [WARN] ConditionMgr:1038 - genDependencies : Invalid condition id : UX DEVICE CLASS RTOS Condition cause : null
2023-09-25 08:24:36,971 [WARN] PackLoader:238 - Cannot read IP mode file for STMicroelectronics.X-CUBE-NFC7.1.0.1
2023-09-25 08:24:36,981 [WARN] PackLoader:238 - Cannot read IP mode file for STMicroelectronics.X-CUBE-NFC6.3.0.0
2023-09-25 08:24:36,991 [WARN] PackLoader:238 - Cannot read IP mode file for STMicroelectronics.X-CUBE-EEPRMA1.4.1.0
2023-09-25 08:24:37,001 [WARN] PackLoader:238 - Cannot read IP mode file for STMicroelectronics.X-CUBE-AI.8.1.0
2023-09-25 08:24:37,022 [WARN] ConditionMgr:437 - getConditionDescription Invalid condition id : LAN8742 Phy interface Condition cause : null
2023-09-25 08:24:37,022 [WARN] PackLoader:238 - Cannot read IP mode file for STMicroelectronics.X-CUBE-AZRTOS-L4.2.0.0
2023-09-25 08:24:37,022 [WARN] ConditionMgr:1038 - genDependencies : Invalid condition id : LAN8742 Phy interface Condition cause : null
2023-09-25 08:24:37,022 [WARN] ConditionMgr:1038 - genDependencies : Invalid condition id : LAN8742 Phy interface Condition cause : null
2023-09-25 08:24:37,022 [WARN] ConditionMgr:1038 - genDependencies : Invalid condition id : LAN8742 Phy interface Condition cause : null
2023-09-25 08:24:37,043 [WARN] PackLoader:238 - Cannot read IP mode file for STMicroelectronics.X-CUBE-SFXS2LP1.4.0.0
2023-09-25 08:24:37,043 [WARN] PackLoader:238 - Cannot read IP mode file for STMicroelectronics.X-CUBE-ISPU.1.1.0
2023-09-25 08:24:37,063 [WARN] ConditionMgr:437 - getConditionDescription Invalid condition id : UX DEVICE CLASS RTOS Condition cause : null
2023-09-25 08:24:37,064 [WARN] ConditionMgr:437 - getConditionDescription Invalid condition id : UX DEVICE CLASS RTOS Condition cause : null
2023-09-25 08:24:37,064 [WARN] PackLoader:238 - Cannot read IP mode file for STMicroelectronics.X-CUBE-AZRTOS-WB.2.0.0
2023-09-25 08:24:37,064 [WARN] ConditionMgr:1038 - genDependencies : Invalid condition id : UX DEVICE CLASS RTOS Condition cause : null
2023-09-25 08:24:37,064 [WARN] ConditionMgr:1038 - genDependencies : Invalid condition id : UX DEVICE CLASS RTOS Condition cause : null
2023-09-25 08:24:37,064 [WARN] ConditionMgr:1038 - genDependencies : Invalid condition id : UX DEVICE CLASS RTOS Condition cause : null
2023-09-25 08:24:37,064 [WARN] ConditionMgr:1038 - genDependencies : Invalid condition id : UX DEVICE CLASS RTOS Condition cause : null
2023-09-25 08:24:37,064 [WARN] ConditionMgr:1038 - genDependencies : Invalid condition id : UX DEVICE CLASS RTOS Condition cause : null
2023-09-25 08:24:37,074 [WARN] PackLoader:238 - Cannot read IP mode file for STMicroelectronics.X-CUBE-SUBG2.5.0.0
2023-09-25 08:24:37,084 [ERROR] Engine:463 - C:\Users\Admin\.stm32cubemx\thirdparties\pdsc\STMicroelectronics.X-CUBE-TOF1.3.3.1.pdsc: PDSC version is not supported
2023-09-25 08:24:37,094 [WARN] PackLoader:238 - Cannot read IP mode file for STMicroelectronics.X-CUBE-AZRTOS-G4.2.0.0
2023-09-25 08:24:37,094 [ERROR] Engine:463 - C:\Users\Admin\.stm32cubemx\thirdparties\pdsc\STMicroelectronics.X-CUBE-FREERTOS.1.1.0.pdsc: PDSC version is not supported
2023-09-25 08:24:37,104 [WARN] PackLoader:238 - Cannot read IP mode file for portGmbH.I-Cube-SoM-uGOAL.1.1.0
2023-09-25 08:24:37,104 [WARN] PackLoader:238 - Cannot read IP mode file for STMicroelectronics.X-CUBE-ALS.1.0.1
2023-09-25 08:24:37,104 [WARN] PackLoader:238 - Cannot read IP mode file for STMicroelectronics.FP-ATR-ASTRA1.2.0.0
2023-09-25 08:24:37,104 [INFO] ThirdParty:915 - Integrity check success = true
2023-09-25 08:24:37,104 [INFO] IntegrityCheckThread:94 - exiting critical section [integrity check]
2023-09-25 08:24:37,104 [INFO] IntegrityCheckThread:97 - End integrity checks thread
2023-09-25 08:24:37,303 [INFO] DbMcus:175 - Found 1951 MCUs (1903 are supported by CubeMX, 1914 are visible in CubeMX)
2023-09-25 08:24:37,303 [INFO] ApiDb:251 - Load user favorites file C:\Users\Admin/.stm32cubeide/favorites.mcus.txt: 0 item(s)
2023-09-25 08:24:37,303 [INFO] ApiDb:255 - User favorites MCUs=[]
2023-09-25 08:24:37,303 [INFO] DbMcus:187 - Set 0 / 0 favorites MCUs
2023-09-25 08:24:37,703 [INFO] DetailPanel:309 - Set advertising image to C:/Users/Admin/STM32Cube/Repository/\en.prom-stm32h5-mcu-finder.jpg
2023-09-25 08:24:38,088 [INFO] DbBoardsPdsc:90 - Found 25 items
2023-09-25 08:24:38,089 [INFO] DbBoardsPdsc:90 - Found 9 items
2023-09-25 08:24:38,089 [INFO] DbBoardsPdsc:90 - Found 33 items
2023-09-25 08:24:38,089 [INFO] DbBoardsPdsc:90 - Found 1 items
2023-09-25 08:24:38,099 [INFO] DbBoardsPdsc:90 - Found 48 items
2023-09-25 08:24:38,099 [INFO] DbBoardsPdsc:90 - Found 43 items
2023-09-25 08:24:38,099 [INFO] DbBoardsPdsc:90 - Found 2 items
2023-09-25 08:24:38,099 [INFO] DbBoardsPdsc:90 - Found 5 items
2023-09-25 08:24:38,109 [WARN] DbBoardsPdsc:254 - Board STM32H7B3I-DK: unknown feature type=Audio, name=, username=Audio stereo codec with Headphone Amp (CS42L51-CNZ), n=1
2023-09-25 08:24:38,109 [WARN] DbBoardsPdsc:254 - Board STM32H735G-DK: unknown feature type=Audio, name=, username=Audio stereo codec with Headphone Amp (WM8994ECS/R), n=1
2023-09-25 08:24:38,109 [WARN] DbBoardsPdsc:254 - Board STM32H7B3I-EVAL: unknown feature type=Audio, name=, username=Multi-Channel Audio Codec (CS42L51-CNZ), n=1
2023-09-25 08:24:38,109 [WARN] DbBoardsPdsc:254 - Board STM32H7B3I-EVAL: unknown feature type=Meter, name=, username=Power-metering and Temperature-monitoring with sigma-delta modulators, n=1
2023-09-25 08:24:38,109 [WARN] DbBoardsPdsc:254 - Board STM32H7B3I-EVAL: unknown feature type=Motor, name=, username=Motor Control, n=1
2023-09-25 08:24:38,109 [WARN] DbBoardsPdsc:254 - Board STM32U575I-EV: unknown feature type=joystick, name=, username=4-direction joystick with selection button, n=1
2023-09-25 08:24:38,129 [INFO] DbBoardsJson:86 - JSON generation date=Tue Nov 16 23:17:54 ICT 2021 (1637079474)
2023-09-25 08:24:38,139 [INFO] DbBoards:117 - Found 167 boards (163 are supported by CubeMX)
2023-09-25 08:24:38,139 [INFO] DbBoardsDocs:143 - JSON generation date=Tue Nov 16 23:17:54 ICT 2021 (1637079474)
2023-09-25 08:24:38,139 [INFO] DbBoardsDocs:79 - Found 209 boards documents
2023-09-25 08:24:38,139 [WARN] DbBoards:127 - board B-L475E-IOT01A2 has no document id list !
2023-09-25 08:24:38,139 [WARN] DbBoards:127 - board NUCLEO-H743ZI has no document id list !
2023-09-25 08:24:38,139 [WARN] DbBoards:127 - board NUCLEO-WL55JC2 has no document id list !
2023-09-25 08:24:38,139 [WARN] DbBoards:127 - board P-NUCLEO-WB55-Nucleo has no document id list !
2023-09-25 08:24:38,139 [WARN] DbBoards:127 - board P-NUCLEO-WB55-USBDongle has no document id list !
2023-09-25 08:24:38,139 [WARN] DbBoards:127 - board STEVAL-BFA001V1B has no document id list !
2023-09-25 08:24:38,139 [WARN] DbBoards:127 - board STEVAL-BFA001V2B has no document id list !
2023-09-25 08:24:38,139 [WARN] DbBoards:127 - board STEVAL-IDP005V1 has no document id list !
2023-09-25 08:24:38,139 [WARN] DbBoards:127 - board STEVAL-IDP005V2 has no document id list !
2023-09-25 08:24:38,139 [WARN] DbBoards:127 - board STEVAL-MKSBOX1V1 has no document id list !
2023-09-25 08:24:38,139 [WARN] DbBoards:127 - board STEVAL-STWINKT1 has no document id list !
2023-09-25 08:24:38,139 [WARN] DbBoards:127 - board STEVAL-STWINKT1B has no document id list !
2023-09-25 08:24:38,139 [WARN] DbBoards:127 - board STM32439I-EVAL2 has no document id list !
2023-09-25 08:24:38,139 [WARN] DbBoards:127 - board STM32F401C-DISCO has no document id list !
2023-09-25 08:24:38,149 [WARN] DbBoards:127 - board STM32F769I-DISC1 has no document id list !
2023-09-25 08:24:38,149 [WARN] DbBoards:127 - board STM32G474E-EVAL1 has no document id list !
2023-09-25 08:24:38,149 [WARN] DbBoards:127 - board STM32H743I-EVAL2 has no document id list !
2023-09-25 08:24:38,149 [WARN] DbBoards:127 - board STM32H747I-DISC1 has no document id list !
2023-09-25 08:24:38,149 [WARN] DbBoards:127 - board STM32H753I-EVAL2 has no document id list !
2023-09-25 08:24:38,149 [WARN] DbBoards:127 - board STM32L-DISCOVERY has no document id list !
2023-09-25 08:24:38,282 [ERROR] DbBoards:189 - Image file not found for board B-U585I-IOT02A: D:\IDEmcu\STM32CubeIDE_1.7.0\STM32CubeIDE\plugins\com.st.stm32cube.common.mx_6.3.0.202107141111\\db\/plugins/mcufinder/images/boards/B-U585I-IOT02A_small.jpg
2023-09-25 08:24:38,373 [ERROR] DbBoards:189 - Image file not found for board NUCLEO-F413ZH: D:\IDEmcu\STM32CubeIDE_1.7.0\STM32CubeIDE\plugins\com.st.stm32cube.common.mx_6.3.0.202107141111\\db\/plugins/mcufinder/images/boards/nucleo-f413zh_small.jpg
2023-09-25 08:24:38,540 [ERROR] DbBoards:189 - Image file not found for board NUCLEO-L552ZE-Q: D:\IDEmcu\STM32CubeIDE_1.7.0\STM32CubeIDE\plugins\com.st.stm32cube.common.mx_6.3.0.202107141111\\db\/plugins/mcufinder/images/boards/nucleo_l552ze_q_small.jpg
2023-09-25 08:24:38,540 [ERROR] DbBoards:189 - Image file not found for board NUCLEO-U575ZI-Q: D:\IDEmcu\STM32CubeIDE_1.7.0\STM32CubeIDE\plugins\com.st.stm32cube.common.mx_6.3.0.202107141111\\db\/plugins/mcufinder/images/boards/nucleo-u575zi-q_small.jpg
2023-09-25 08:24:38,540 [ERROR] DbBoards:189 - Image file not found for board NUCLEO-WB15CC: D:\IDEmcu\STM32CubeIDE_1.7.0\STM32CubeIDE\plugins\com.st.stm32cube.common.mx_6.3.0.202107141111\\db\/plugins/mcufinder/images/boards/nucleo-wb15cc_small.jpg
2023-09-25 08:24:38,540 [ERROR] DbBoards:189 - Image file not found for board NUCLEO-WB55RG: D:\IDEmcu\STM32CubeIDE_1.7.0\STM32CubeIDE\plugins\com.st.stm32cube.common.mx_6.3.0.202107141111\\db\/plugins/mcufinder/images/boards/nucleo-wb55rg_small.jpg
2023-09-25 08:24:39,539 [INFO] ApiDb:251 - Load user favorites file C:\Users\Admin/.stm32cubeide/favorites.boards.txt: 0 item(s)
2023-09-25 08:24:39,539 [INFO] ApiDb:255 - User favorites Boards=[]
2023-09-25 08:24:39,539 [INFO] DbBoards:206 - Set 0 / 0 favorites Boards
2023-09-25 08:24:53,924 [INFO] DbMcusDocs:143 - JSON generation date=Tue Nov 16 23:17:54 ICT 2021 (1637079474)
2023-09-25 08:24:54,187 [INFO] DbMcusDocs:79 - Found 682 MCUs documents
2023-09-25 08:25:32,258 [INFO] MainUpdater:2671 - connection check result : 10
2023-09-25 08:25:32,258 [INFO] MainUpdater:2671 - connection check result : 10
2023-09-25 08:25:32,299 [INFO] MicroXplorer:448 - Change Database Path : 
2023-09-25 08:25:32,299 [INFO] MicroXplorer:478 - Change Database Version : DB.6.0.30
2023-09-25 08:25:32,299 [WARN] ThirdParty:813 - waiting for thirdparty lock release [close project]
2023-09-25 08:25:32,299 [INFO] ThirdParty:815 - entering critical section [close project]
2023-09-25 08:25:32,309 [INFO] ThirdParty:825 - exiting critical section [close project]
2023-09-25 08:25:32,309 [INFO] PinOutPanel:1463 - setPackage(No Configuration,No Configuration)
2023-09-25 08:25:32,309 [INFO] UtilMem:74 - Begin LoadConfig() Used Memory: 558237504 Bytes (621805568)
2023-09-25 08:25:32,309 [INFO] MicroXplorer:448 - Change Database Path : 
2023-09-25 08:25:32,320 [INFO] MicroXplorer:478 - Change Database Version : DB.6.0.30
2023-09-25 08:25:32,320 [INFO] OpenFileManager:313 - Change cursor
2023-09-25 08:25:33,000 [INFO] Context:592 - Trying to add GPIOservice into a context  which must be forbidden
2023-09-25 08:25:33,187 [INFO] ImportTextPane:167 - (OptionalMessage_ERROR) Unable to find key (Mcu.ThirdPartyNb) in loaded IOC file
2023-09-25 08:25:33,187 [INFO] ImportTextPane:167 - (OptionalMessage_ERROR) Unable to find key (Mcu.PinsNb) in loaded IOC file
2023-09-25 08:25:33,187 [INFO] ImportTextPane:167 - (OptionalMessage_ERROR) Unable to find key (Mcu.IPNb) in loaded IOC file
2023-09-25 08:25:33,227 [WARN] ApiManager:304 - Cannot register API 'Board Extension:GNSS1A1' from pack STMicroelectronics.X-CUBE-GNSS1.6.0.0: no header file found
2023-09-25 08:25:33,227 [WARN] ApiManager:304 - Cannot register API 'Board Support:Custom' from pack STMicroelectronics.X-CUBE-GNSS1.6.0.0: no header file found
2023-09-25 08:25:33,227 [WARN] ApiManager:304 - Cannot register API 'Data Exchange:lib_gnss' from pack STMicroelectronics.X-CUBE-GNSS1.6.0.0: no header file found
2023-09-25 08:25:33,227 [WARN] ApiManager:304 - Cannot register API 'Wireless:BlueNRG-MS' from pack STMicroelectronics.X-CUBE-BLE1.7.0.0: no header file found
2023-09-25 08:25:33,227 [WARN] ModelIntegratedComponent:60 - No mode defined for component null
2023-09-25 08:25:33,227 [WARN] ModelIntegratedComponent:60 - No mode defined for component null
2023-09-25 08:25:33,227 [WARN] ModelIntegratedComponent:60 - No mode defined for component null
2023-09-25 08:25:33,227 [WARN] ModelIntegratedComponent:60 - No mode defined for component null
2023-09-25 08:25:33,227 [WARN] ModelIntegratedComponent:60 - No mode defined for component null
2023-09-25 08:25:33,237 [WARN] ModelIntegratedComponent:60 - No mode defined for component null
2023-09-25 08:25:33,237 [WARN] ModelIntegratedComponent:60 - No mode defined for component null
2023-09-25 08:25:33,237 [WARN] ModelIntegratedComponent:60 - No mode defined for component null
2023-09-25 08:25:33,237 [WARN] ModelIntegratedComponent:60 - No mode defined for component null
2023-09-25 08:25:33,237 [WARN] ModelIntegratedComponent:60 - No mode defined for component null
2023-09-25 08:25:33,237 [WARN] ModelIntegratedComponent:60 - No mode defined for component null
2023-09-25 08:25:33,237 [WARN] ModelIntegratedComponent:60 - No mode defined for component null
2023-09-25 08:25:33,237 [WARN] ModelIntegratedComponent:60 - No mode defined for component null
2023-09-25 08:25:33,237 [WARN] ModelIntegratedComponent:60 - No mode defined for component null
2023-09-25 08:25:33,237 [WARN] ModelIntegratedComponent:60 - No mode defined for component null
2023-09-25 08:25:33,237 [WARN] ModelIntegratedComponent:60 - No mode defined for component null
2023-09-25 08:25:33,237 [WARN] ModelIntegratedComponent:60 - No mode defined for component null
2023-09-25 08:25:33,237 [WARN] ModelIntegratedComponent:60 - No mode defined for component null
2023-09-25 08:25:33,237 [WARN] ModelIntegratedComponent:60 - No mode defined for component null
2023-09-25 08:25:33,237 [WARN] ModelIntegratedComponent:60 - No mode defined for component null
2023-09-25 08:25:33,237 [WARN] ModelIntegratedComponent:60 - No mode defined for component null
2023-09-25 08:25:33,237 [WARN] ModelIntegratedComponent:60 - No mode defined for component null
2023-09-25 08:25:33,237 [WARN] ModelIntegratedComponent:60 - No mode defined for component null
2023-09-25 08:25:33,237 [WARN] ModelIntegratedComponent:60 - No mode defined for component null
2023-09-25 08:25:33,237 [WARN] ModelIntegratedComponent:60 - No mode defined for component null
2023-09-25 08:25:33,237 [WARN] ModelIntegratedComponent:60 - No mode defined for component null
2023-09-25 08:25:33,237 [WARN] ModelIntegratedComponent:60 - No mode defined for component null
2023-09-25 08:25:33,237 [WARN] ModelIntegratedComponent:60 - No mode defined for component null
2023-09-25 08:25:33,237 [WARN] ModelIntegratedComponent:60 - No mode defined for component null
2023-09-25 08:25:33,237 [WARN] ModelIntegratedComponent:60 - No mode defined for component null
2023-09-25 08:25:33,237 [WARN] ModelIntegratedComponent:60 - No mode defined for component null
2023-09-25 08:25:33,237 [WARN] ApiManager:304 - Cannot register API 'Board Extension:NFC07A1' from pack STMicroelectronics.X-CUBE-NFC7.1.0.1: no header file found
2023-09-25 08:25:33,237 [WARN] ApiManager:304 - Cannot register API 'Board Extension:NFC06A1' from pack STMicroelectronics.X-CUBE-NFC6.3.0.0: no header file found
2023-09-25 08:25:33,237 [WARN] ApiManager:304 - Cannot register API 'Board Extension:NFC08A1' from pack STMicroelectronics.X-CUBE-NFC6.3.0.0: no header file found
2023-09-25 08:25:33,237 [WARN] ApiManager:304 - Cannot register API 'Board Extension:EEPRMA1' from pack STMicroelectronics.X-CUBE-EEPRMA1.4.1.0: no header file found
2023-09-25 08:25:33,247 [WARN] ApiManager:304 - Cannot register API 'Board Extension:EEPRMA2' from pack STMicroelectronics.X-CUBE-EEPRMA1.4.1.0: no header file found
2023-09-25 08:25:33,247 [WARN] ApiManager:304 - Cannot register API 'Board Extension:PGEEZ1' from pack STMicroelectronics.X-CUBE-EEPRMA1.4.1.0: no header file found
2023-09-25 08:25:33,247 [WARN] ApiManager:304 - Cannot register API 'Board Part:M24' from pack STMicroelectronics.X-CUBE-EEPRMA1.4.1.0: no header file found
2023-09-25 08:25:33,247 [WARN] ApiManager:304 - Cannot register API 'Board Part:M95' from pack STMicroelectronics.X-CUBE-EEPRMA1.4.1.0: no header file found
2023-09-25 08:25:33,247 [WARN] ApiManager:304 - Cannot register API 'Board Part:M95P32' from pack STMicroelectronics.X-CUBE-EEPRMA1.4.1.0: no header file found
2023-09-25 08:25:33,247 [WARN] ApiManager:304 - Cannot register API 'PGEEZ1:SPI' from pack STMicroelectronics.X-CUBE-EEPRMA1.4.1.0: no header file found
2023-09-25 08:25:33,247 [WARN] ApiManager:304 - Cannot register API 'PGEEZ1:QDSPI' from pack STMicroelectronics.X-CUBE-EEPRMA1.4.1.0: no header file found
2023-09-25 08:25:33,510 [WARN] ApiManager:304 - Cannot register API 'Board Extension:IKS01A3' from pack STMicroelectronics.X-CUBE-MEMS1.9.6.0: no header file found
2023-09-25 08:25:33,510 [WARN] ApiManager:304 - Cannot register API 'Board Extension:IKS01A2' from pack STMicroelectronics.X-CUBE-MEMS1.9.6.0: no header file found
2023-09-25 08:25:33,510 [WARN] ApiManager:304 - Cannot register API 'Board Extension:IKS02A1' from pack STMicroelectronics.X-CUBE-MEMS1.9.6.0: no header file found
2023-09-25 08:25:33,521 [INFO] RtosManager:484 - Registered RTOS mode: class=CMSIS, group=RTOS, mode=CMSIS_V1, owner=FREERTOS
2023-09-25 08:25:33,521 [INFO] RtosManager:484 - Registered RTOS mode: class=CMSIS, group=RTOS2, mode=CMSIS_V2, owner=FREERTOS
2023-09-25 08:25:33,521 [INFO] RtosManager:484 - Registered RTOS mode: class=RTOS, group=Core, mode=CMSIS_V1, owner=FREERTOS
2023-09-25 08:25:33,521 [INFO] RtosManager:484 - Registered RTOS mode: class=RTOS, group=Core, mode=CMSIS_V2, owner=FREERTOS
2023-09-25 08:25:33,521 [WARN] ModelIntegratedComponent:181 - Missing modes for component STMicroelectronics:FreeRTOS:0.0.1:STMicroelectronics:RTOS:FreeRTOS:Core:::10.2.0:
2023-09-25 08:25:33,521 [WARN] ApiManager:304 - Cannot register API 'Board Extension:NFC04A1' from pack STMicroelectronics.X-CUBE-NFC4.3.0.0: no header file found
2023-09-25 08:25:33,531 [WARN] ApiManager:304 - Cannot register API 'Board Extension:S2868A1' from pack STMicroelectronics.X-CUBE-SUBG2.5.0.0: no header file found
2023-09-25 08:25:33,531 [WARN] ApiManager:304 - Cannot register API 'Board Extension:S2868A2' from pack STMicroelectronics.X-CUBE-SUBG2.5.0.0: no header file found
2023-09-25 08:25:33,531 [WARN] ApiManager:304 - Cannot register API 'Board Extension:S2915A1' from pack STMicroelectronics.X-CUBE-SUBG2.5.0.0: no header file found
2023-09-25 08:25:33,531 [WARN] ApiManager:304 - Cannot register API 'Board Extension:S2868A1' from pack STMicroelectronics.X-CUBE-SFXS2LP1.4.0.0: no header file found
2023-09-25 08:25:33,531 [WARN] ApiManager:304 - Cannot register API 'Board Extension:S2868A2' from pack STMicroelectronics.X-CUBE-SFXS2LP1.4.0.0: no header file found
2023-09-25 08:25:33,531 [WARN] ApiManager:304 - Cannot register API 'Board Extension:S2915A1' from pack STMicroelectronics.X-CUBE-SFXS2LP1.4.0.0: no header file found
2023-09-25 08:25:33,531 [WARN] ApiManager:304 - Cannot register API 'Wireless:BlueNRG-2' from pack STMicroelectronics.X-CUBE-BLE2.3.3.0: no header file found
2023-09-25 08:25:34,980 [INFO] UtilMem:74 - End LoadConfig() Used Memory: 559910376 Bytes (706740224)
2023-09-25 08:25:34,980 [WARN] ThirdParty:779 - waiting for thirdparty lock release [change project]
2023-09-25 08:25:34,980 [INFO] ThirdParty:781 - entering critical section [change project]
2023-09-25 08:25:34,980 [INFO] ThirdParty:967 - CMSIS Pack Vendor :STMicroelectronics X-CUBE-ISPU 1.1.0
2023-09-25 08:25:34,980 [INFO] ThirdParty:967 - CMSIS Pack Vendor :STMicroelectronics X-CUBE-GNSS1 6.0.0
2023-09-25 08:25:34,980 [INFO] ThirdParty:967 - CMSIS Pack Vendor :STMicroelectronics USB_HOST 2.0.0
2023-09-25 08:25:34,980 [INFO] ThirdParty:967 - CMSIS Pack Vendor :STMicroelectronics X-CUBE-AZRTOS-F4 1.1.0
2023-09-25 08:25:34,980 [INFO] ThirdParty:967 - CMSIS Pack Vendor :STMicroelectronics X-CUBE-BLE1 7.0.0
2023-09-25 08:25:34,980 [INFO] ThirdParty:967 - CMSIS Pack Vendor :STMicroelectronics FP-ATR-SIGFOX1 3.2.0
2023-09-25 08:25:34,980 [INFO] ThirdParty:967 - CMSIS Pack Vendor :wolfSSL I-CUBE-wolfSSL 5.6.3
2023-09-25 08:25:34,980 [INFO] ThirdParty:967 - CMSIS Pack Vendor :STMicroelectronics USB_DEVICE 3.0.0
2023-09-25 08:25:34,980 [INFO] ThirdParty:967 - CMSIS Pack Vendor :STMicroelectronics HAL Drivers 0.0.0
2023-09-25 08:25:34,980 [INFO] ThirdParty:967 - CMSIS Pack Vendor :STMicroelectronics MBEDTLS 2.16.2
2023-09-25 08:25:34,980 [INFO] ThirdParty:967 - CMSIS Pack Vendor :STMicroelectronics X-CUBE-AZRTOS-WB 2.0.0
2023-09-25 08:25:34,980 [INFO] ThirdParty:967 - CMSIS Pack Vendor :STMicroelectronics X-CUBE-TOUCHGFX 4.22.0
2023-09-25 08:25:34,980 [INFO] ThirdParty:967 - CMSIS Pack Vendor :STMicroelectronics X-CUBE-NFC7 1.0.1
2023-09-25 08:25:34,980 [INFO] ThirdParty:967 - CMSIS Pack Vendor :STMicroelectronics MBEDTLS 2.14.1
2023-09-25 08:25:34,980 [INFO] ThirdParty:967 - CMSIS Pack Vendor :STMicroelectronics X-CUBE-AZRTOS-F7 1.1.0
2023-09-25 08:25:34,980 [INFO] ThirdParty:967 - CMSIS Pack Vendor :STMicroelectronics X-CUBE-AZRTOS-L5 2.0.0
2023-09-25 08:25:34,980 [INFO] ThirdParty:967 - CMSIS Pack Vendor :STMicroelectronics X-CUBE-NFC6 3.0.0
2023-09-25 08:25:34,980 [INFO] ThirdParty:967 - CMSIS Pack Vendor :STMicroelectronics X-CUBE-EEPRMA1 4.1.0
2023-09-25 08:25:34,980 [INFO] ThirdParty:967 - CMSIS Pack Vendor :portGmbH I-Cube-SoM-uGOAL 1.1.0
2023-09-25 08:25:34,980 [INFO] ThirdParty:967 - CMSIS Pack Vendor :STMicroelectronics X-CUBE-ALS 1.0.1
2023-09-25 08:25:34,980 [INFO] ThirdParty:967 - CMSIS Pack Vendor :STMicroelectronics USB_DEVICE 2.0.0
2023-09-25 08:25:34,980 [INFO] ThirdParty:967 - CMSIS Pack Vendor :STMicroelectronics X-CUBE-MEMS1 9.6.0
2023-09-25 08:25:34,980 [INFO] ThirdParty:967 - CMSIS Pack Vendor :STMicroelectronics X-CUBE-AZRTOS-WL 2.0.0
2023-09-25 08:25:34,980 [INFO] ThirdParty:967 - CMSIS Pack Vendor :STMicroelectronics X-CUBE-ALGOBUILD 1.3.0
2023-09-25 08:25:34,980 [INFO] ThirdParty:967 - CMSIS Pack Vendor :SEGGER I-CUBE-embOS 1.3.1
2023-09-25 08:25:34,980 [INFO] ThirdParty:967 - CMSIS Pack Vendor :STMicroelectronics FreeRTOS 0.0.1
2023-09-25 08:25:34,980 [INFO] ThirdParty:967 - CMSIS Pack Vendor :STMicroelectronics X-CUBE-AZRTOS-G0 1.1.0
2023-09-25 08:25:34,980 [INFO] ThirdParty:967 - CMSIS Pack Vendor :STMicroelectronics USB_DEVICE 1.0.0
2023-09-25 08:25:34,980 [INFO] ThirdParty:967 - CMSIS Pack Vendor :STMicroelectronics X-CUBE-BLEMGR 2.0.0
2023-09-25 08:25:34,980 [INFO] ThirdParty:967 - CMSIS Pack Vendor :STMicroelectronics X-CUBE-AI 8.1.0
2023-09-25 08:25:34,980 [INFO] ThirdParty:967 - CMSIS Pack Vendor :STMicroelectronics X-CUBE-NFC4 3.0.0
2023-09-25 08:25:34,980 [INFO] ThirdParty:967 - CMSIS Pack Vendor :STMicroelectronics X-CUBE-SUBG2 5.0.0
2023-09-25 08:25:34,980 [INFO] ThirdParty:967 - CMSIS Pack Vendor :STMicroelectronics X-CUBE-AZRTOS-L4 2.0.0
2023-09-25 08:25:34,980 [INFO] ThirdParty:967 - CMSIS Pack Vendor :STMicroelectronics ThreadX 0.0.2
2023-09-25 08:25:34,980 [INFO] ThirdParty:967 - CMSIS Pack Vendor :WES I-CUBE-Cesium 1.3.0
2023-09-25 08:25:34,980 [INFO] ThirdParty:967 - CMSIS Pack Vendor :STMicroelectronics FP-ATR-ASTRA1 2.0.0
2023-09-25 08:25:34,980 [INFO] ThirdParty:967 - CMSIS Pack Vendor :STMicroelectronics lwIP 2.0.3
2023-09-25 08:25:34,980 [INFO] ThirdParty:967 - CMSIS Pack Vendor :STMicroelectronics lwIP 2.1.2
2023-09-25 08:25:34,980 [INFO] ThirdParty:967 - CMSIS Pack Vendor :STMicroelectronics X-CUBE-SFXS2LP1 4.0.0
2023-09-25 08:25:34,980 [INFO] ThirdParty:967 - CMSIS Pack Vendor :STMicroelectronics X-CUBE-BLE2 3.3.0
2023-09-25 08:25:34,980 [INFO] ThirdParty:967 - CMSIS Pack Vendor :STMicroelectronics USB_HOST 1.0.0
2023-09-25 08:25:34,980 [INFO] ThirdParty:967 - CMSIS Pack Vendor :STMicroelectronics X-CUBE-AZRTOS-G4 2.0.0
2023-09-25 08:25:34,980 [INFO] ThirdParty:967 - CMSIS Pack Vendor :STMicroelectronics PDM2PCM 3.1.0
2023-09-25 08:25:34,980 [INFO] ThirdParty:967 - CMSIS Pack Vendor :STMicroelectronics X-CUBE-AZRTOS-H7 3.1.0
2023-09-25 08:25:34,980 [INFO] ThirdParty:967 - CMSIS Pack Vendor :STMicroelectronics PDM2PCM 3.2.0
2023-09-25 08:25:34,980 [INFO] ThirdParty:967 - CMSIS Pack Vendor :STMicroelectronics PDM2PCM 3.3.0
2023-09-25 08:25:34,980 [INFO] ThirdParty:787 - exiting critical section [change project]
2023-09-25 08:25:35,162 [INFO] PinOutPanel:1463 - setPackage(No Configuration,No Configuration)
2023-09-25 08:25:35,162 [INFO] PinOutPanel:1463 - setPackage(STM32F103C6Ux,UFQFPN48)
2023-09-25 08:25:35,477 [INFO] UtilMem:74 - Before build in PCC Used Memory: 592562080 Bytes (706740224)
2023-09-25 08:25:35,909 [INFO] UtilMem:74 - After build in PCC Used Memory: 612326400 Bytes (706740224)
2023-09-25 08:25:35,930 [INFO] IPUIPlugin:74 - create IPUIPlugin
2023-09-25 08:25:35,930 [INFO] IPUIPlugin:74 - create IPUIPlugin
2023-09-25 08:25:35,930 [INFO] IPUIPlugin:74 - create IPUIPlugin
2023-09-25 08:25:35,930 [INFO] IPUIPlugin:74 - create IPUIPlugin
2023-09-25 08:25:35,930 [INFO] IPUIPlugin:74 - create IPUIPlugin
2023-09-25 08:25:35,930 [INFO] IPUIPlugin:74 - create IPUIPlugin
2023-09-25 08:25:35,930 [INFO] IPUIPlugin:74 - create IPUIPlugin
2023-09-25 08:25:35,930 [INFO] IPUIPlugin:74 - create IPUIPlugin
2023-09-25 08:25:35,930 [INFO] IPUIPlugin:74 - create IPUIPlugin
2023-09-25 08:25:35,930 [INFO] IPUIPlugin:74 - create IPUIPlugin
2023-09-25 08:25:35,930 [INFO] IPUIPlugin:74 - create IPUIPlugin
2023-09-25 08:25:35,930 [INFO] IPUIPlugin:74 - create IPUIPlugin
2023-09-25 08:25:35,930 [INFO] IPUIPlugin:74 - create IPUIPlugin
2023-09-25 08:25:35,930 [INFO] IPUIPlugin:74 - create IPUIPlugin
2023-09-25 08:25:35,930 [INFO] IPUIPlugin:74 - create IPUIPlugin
2023-09-25 08:25:35,930 [INFO] IPUIPlugin:74 - create IPUIPlugin
2023-09-25 08:25:35,930 [INFO] IPUIPlugin:74 - create IPUIPlugin
2023-09-25 08:25:35,930 [INFO] IPUIPlugin:74 - create IPUIPlugin
2023-09-25 08:25:35,930 [INFO] IPUIPlugin:74 - create IPUIPlugin
2023-09-25 08:25:35,930 [INFO] IPUIPlugin:74 - create IPUIPlugin
2023-09-25 08:25:35,930 [INFO] IPUIPlugin:74 - create IPUIPlugin
2023-09-25 08:25:35,930 [INFO] IPUIPlugin:74 - create IPUIPlugin
2023-09-25 08:25:35,942 [INFO] IPUIPlugin:74 - create IPUIPlugin
2023-09-25 08:25:36,032 [INFO] OpenFileManager:333 - Restore cursor
2023-09-25 08:25:36,280 [INFO] UtilMem:74 - End SaveConfig() Used Memory: 598468432 Bytes (706740224)
2023-09-25 08:25:36,320 [INFO] UtilMem:74 - End SaveConfig() Used Memory: 617311680 Bytes (706740224)
2023-09-25 08:25:36,565 [INFO] BlockDiagram:2740 - set Specific Code input for plugin: NVIC
2023-09-25 08:25:36,565 [INFO] BlockDiagram:2740 - set Specific Code input for plugin: SYS
2023-09-25 08:25:36,565 [INFO] BlockDiagram:2740 - set Specific Code input for plugin: RCC
2023-09-25 08:25:36,565 [INFO] CodeGenerator:663 - code generatio: config db path: D:\IDEmcu\STM32CubeIDE_1.7.0\STM32CubeIDE\plugins\com.st.stm32cube.common.mx_6.3.0.202107141111\\db\
2023-09-25 08:25:36,807 [INFO] CodeEngine:239 - oldGeneratedFile, D:\lab1_Image\lab1\git\lab1\MXTmpFiles\license.tmp_save
2023-09-25 08:25:37,101 [INFO] CodeEngine:257 - Generated code: D:\lab1_Image\lab1\git\lab1\MXTmpFiles\license.tmp
2023-09-25 08:25:37,192 [INFO] CodeEngine:239 - oldGeneratedFile, D:\lab1_Image\lab1\git\lab1\Core\Src\stm32f1xx_it.c_save
2023-09-25 08:25:37,293 [INFO] CodeEngine:257 - Generated code: D:\lab1_Image\lab1\git\lab1\Core\Src\stm32f1xx_it.c
2023-09-25 08:25:37,303 [INFO] CodeEngine:239 - oldGeneratedFile, D:\lab1_Image\lab1\git\lab1\Core\Inc\stm32f1xx_it.h_save
2023-09-25 08:25:37,371 [INFO] CodeEngine:257 - Generated code: D:\lab1_Image\lab1\git\lab1\Core\Inc\stm32f1xx_it.h
2023-09-25 08:25:37,381 [INFO] CodeEngine:239 - oldGeneratedFile, D:\lab1_Image\lab1\git\lab1\Core\Src\stm32f1xx_hal_msp.c_save
2023-09-25 08:25:37,458 [INFO] CodeEngine:257 - Generated code: D:\lab1_Image\lab1\git\lab1\Core\Src\stm32f1xx_hal_msp.c
2023-09-25 08:25:37,458 [INFO] CodeEngine:239 - oldGeneratedFile, D:\lab1_Image\lab1\git\lab1\MXTmpFiles\system.tmp_save
2023-09-25 08:25:37,555 [INFO] CodeEngine:257 - Generated code: D:\lab1_Image\lab1\git\lab1\MXTmpFiles\system.tmp
2023-09-25 08:25:37,555 [INFO] CodeEngine:239 - oldGeneratedFile, D:\lab1_Image\lab1\git\lab1\Core\Inc\stm32f1xx_hal_conf.h_save
2023-09-25 08:25:37,626 [INFO] CodeEngine:257 - Generated code: D:\lab1_Image\lab1\git\lab1\Core\Inc\stm32f1xx_hal_conf.h
2023-09-25 08:25:37,657 [INFO] CodeEngine:239 - oldGeneratedFile, D:\lab1_Image\lab1\git\lab1\Core\Inc\main.h_save
2023-09-25 08:25:37,738 [INFO] CodeEngine:257 - Generated code: D:\lab1_Image\lab1\git\lab1\Core\Inc\main.h
2023-09-25 08:25:37,738 [INFO] CodeEngine:239 - oldGeneratedFile, D:\lab1_Image\lab1\git\lab1\Core\Src\main.c_save
2023-09-25 08:25:37,830 [INFO] CodeEngine:257 - Generated code: D:\lab1_Image\lab1\git\lab1\Core\Src\main.c
2023-09-25 08:25:38,565 [INFO] ProjectBuilder:2578 - Time for Copy HAL[1] : 61mS.
2023-09-25 08:25:38,572 [INFO] ProjectBuilder:3622 - Project Generator version: 3.14.1
2023-09-25 08:25:39,021 [INFO] ConfigFileManager:1271 - The Die is : DIE412
2023-09-25 08:25:39,032 [INFO] ApiDbMcu:468 - Load IP Config File for FATFS
2023-09-25 08:25:39,052 [INFO] ApiDbMcu:468 - Load IP Config File for FREERTOS
2023-09-25 08:25:39,072 [INFO] ApiDbMcu:468 - Load IP Config File for USB_DEVICE
2023-09-25 08:25:41,724 [INFO] ProjectBuilder:3789 - Time for Generating toolchain IDE Files: 3152mS.
2023-09-25 08:25:41,724 [INFO] ProjectBuilder:2457 - Time for Copy CMSIS : 0mS.
2023-09-25 08:25:41,724 [INFO] ProjectBuilder:2457 - Time for Copy CMSIS : 0mS.
2023-09-25 08:25:42,157 [INFO] McuFinderGlobals:52 - Set McuFinderConnectedMode to true
2023-09-25 08:25:42,157 [INFO] ApiDb:276 - Save user favorites file C:\Users\Admin/.stm32cubeide/favorites.mcus.txt: 0 item(s)
2023-09-25 08:25:42,157 [INFO] ApiDb:280 - User favorites MCUs=[]
2023-09-25 08:27:36,352 [INFO] UtilMem:74 - End SaveConfig() Used Memory: 692734736 Bytes (969932800)
2023-09-25 08:27:38,608 [INFO] UtilMem:74 - End SaveConfig() Used Memory: 714902232 Bytes (969932800)
2023-09-25 08:27:42,657 [INFO] UtilMem:74 - End SaveConfig() Used Memory: 742063072 Bytes (969932800)
2023-09-25 08:27:42,875 [INFO] BlockDiagram:2740 - set Specific Code input for plugin: NVIC
2023-09-25 08:27:42,875 [INFO] BlockDiagram:2740 - set Specific Code input for plugin: SYS
2023-09-25 08:27:42,875 [INFO] BlockDiagram:2740 - set Specific Code input for plugin: GPIO
2023-09-25 08:27:42,875 [INFO] BlockDiagram:2740 - set Specific Code input for plugin: RCC
2023-09-25 08:27:42,875 [INFO] CodeGenerator:663 - code generatio: config db path: D:\IDEmcu\STM32CubeIDE_1.7.0\STM32CubeIDE\plugins\com.st.stm32cube.common.mx_6.3.0.202107141111\\db\
2023-09-25 08:27:43,133 [INFO] CodeEngine:239 - oldGeneratedFile, D:\lab1_Image\lab1\git\lab1\MXTmpFiles\license.tmp_save
2023-09-25 08:27:43,184 [INFO] CodeEngine:257 - Generated code: D:\lab1_Image\lab1\git\lab1\MXTmpFiles\license.tmp
2023-09-25 08:27:43,260 [INFO] CodeEngine:239 - oldGeneratedFile, D:\lab1_Image\lab1\git\lab1\MXTmpFiles\gpio.tmp_save
2023-09-25 08:27:43,323 [INFO] CodeEngine:257 - Generated code: D:\lab1_Image\lab1\git\lab1\MXTmpFiles\gpio.tmp
2023-09-25 08:27:43,344 [INFO] CodeEngine:239 - oldGeneratedFile, D:\lab1_Image\lab1\git\lab1\Core\Src\stm32f1xx_it.c_save
2023-09-25 08:27:43,419 [INFO] CodeEngine:257 - Generated code: D:\lab1_Image\lab1\git\lab1\Core\Src\stm32f1xx_it.c
2023-09-25 08:27:43,435 [INFO] CodeEngine:239 - oldGeneratedFile, D:\lab1_Image\lab1\git\lab1\Core\Inc\stm32f1xx_it.h_save
2023-09-25 08:27:43,478 [INFO] CodeEngine:257 - Generated code: D:\lab1_Image\lab1\git\lab1\Core\Inc\stm32f1xx_it.h
2023-09-25 08:27:43,498 [INFO] CodeEngine:239 - oldGeneratedFile, D:\lab1_Image\lab1\git\lab1\Core\Src\stm32f1xx_hal_msp.c_save
2023-09-25 08:27:43,569 [INFO] CodeEngine:257 - Generated code: D:\lab1_Image\lab1\git\lab1\Core\Src\stm32f1xx_hal_msp.c
2023-09-25 08:27:43,569 [INFO] CodeEngine:239 - oldGeneratedFile, D:\lab1_Image\lab1\git\lab1\MXTmpFiles\system.tmp_save
2023-09-25 08:27:43,610 [INFO] CodeEngine:257 - Generated code: D:\lab1_Image\lab1\git\lab1\MXTmpFiles\system.tmp
2023-09-25 08:27:43,621 [INFO] CodeEngine:239 - oldGeneratedFile, D:\lab1_Image\lab1\git\lab1\Core\Inc\stm32f1xx_hal_conf.h_save
2023-09-25 08:27:43,694 [INFO] CodeEngine:257 - Generated code: D:\lab1_Image\lab1\git\lab1\Core\Inc\stm32f1xx_hal_conf.h
2023-09-25 08:27:43,724 [INFO] CodeEngine:239 - oldGeneratedFile, D:\lab1_Image\lab1\git\lab1\Core\Inc\main.h_save
2023-09-25 08:27:43,784 [INFO] CodeEngine:257 - Generated code: D:\lab1_Image\lab1\git\lab1\Core\Inc\main.h
2023-09-25 08:27:43,794 [INFO] CodeEngine:239 - oldGeneratedFile, D:\lab1_Image\lab1\git\lab1\Core\Src\main.c_save
2023-09-25 08:27:43,896 [INFO] CodeEngine:257 - Generated code: D:\lab1_Image\lab1\git\lab1\Core\Src\main.c
2023-09-25 08:27:44,566 [INFO] ProjectBuilder:2578 - Time for Copy HAL[1] : 51mS.
2023-09-25 08:27:44,566 [INFO] ProjectBuilder:3622 - Project Generator version: 3.14.1
2023-09-25 08:27:44,970 [INFO] ConfigFileManager:1271 - The Die is : DIE412
2023-09-25 08:27:46,403 [INFO] ProjectBuilder:3789 - Time for Generating toolchain IDE Files: 1837mS.
2023-09-25 08:27:46,403 [INFO] ProjectBuilder:2457 - Time for Copy CMSIS : 0mS.
2023-09-25 08:27:46,403 [INFO] ProjectBuilder:2457 - Time for Copy CMSIS : 0mS.
2023-09-25 08:35:10,215 [INFO] UtilMem:74 - End SaveConfig() Used Memory: 913793328 Bytes (1066401792)
2023-09-25 08:35:12,968 [INFO] UtilMem:74 - End SaveConfig() Used Memory: 735808896 Bytes (1066401792)
2023-09-25 08:35:14,805 [INFO] UtilMem:74 - End SaveConfig() Used Memory: 801869184 Bytes (1066401792)
2023-09-25 08:35:15,067 [INFO] BlockDiagram:2740 - set Specific Code input for plugin: NVIC
2023-09-25 08:35:15,067 [INFO] BlockDiagram:2740 - set Specific Code input for plugin: SYS
2023-09-25 08:35:15,067 [INFO] BlockDiagram:2740 - set Specific Code input for plugin: GPIO
2023-09-25 08:35:15,068 [INFO] BlockDiagram:2740 - set Specific Code input for plugin: RCC
2023-09-25 08:35:15,068 [INFO] CodeGenerator:663 - code generatio: config db path: D:\IDEmcu\STM32CubeIDE_1.7.0\STM32CubeIDE\plugins\com.st.stm32cube.common.mx_6.3.0.202107141111\\db\
2023-09-25 08:35:15,327 [INFO] CodeEngine:239 - oldGeneratedFile, D:\lab1_Image\lab1\git\lab1\MXTmpFiles\license.tmp_save
2023-09-25 08:35:15,401 [INFO] CodeEngine:257 - Generated code: D:\lab1_Image\lab1\git\lab1\MXTmpFiles\license.tmp
2023-09-25 08:35:15,416 [INFO] CodeEngine:239 - oldGeneratedFile, D:\lab1_Image\lab1\git\lab1\MXTmpFiles\gpio.tmp_save
2023-09-25 08:35:15,537 [INFO] CodeEngine:257 - Generated code: D:\lab1_Image\lab1\git\lab1\MXTmpFiles\gpio.tmp
2023-09-25 08:35:15,559 [INFO] CodeEngine:239 - oldGeneratedFile, D:\lab1_Image\lab1\git\lab1\Core\Src\stm32f1xx_it.c_save
2023-09-25 08:35:15,626 [INFO] CodeEngine:257 - Generated code: D:\lab1_Image\lab1\git\lab1\Core\Src\stm32f1xx_it.c
2023-09-25 08:35:15,629 [INFO] CodeEngine:239 - oldGeneratedFile, D:\lab1_Image\lab1\git\lab1\Core\Inc\stm32f1xx_it.h_save
2023-09-25 08:35:15,676 [INFO] CodeEngine:257 - Generated code: D:\lab1_Image\lab1\git\lab1\Core\Inc\stm32f1xx_it.h
2023-09-25 08:35:15,692 [INFO] CodeEngine:239 - oldGeneratedFile, D:\lab1_Image\lab1\git\lab1\Core\Src\stm32f1xx_hal_msp.c_save
2023-09-25 08:35:15,764 [INFO] CodeEngine:257 - Generated code: D:\lab1_Image\lab1\git\lab1\Core\Src\stm32f1xx_hal_msp.c
2023-09-25 08:35:15,766 [INFO] CodeEngine:239 - oldGeneratedFile, D:\lab1_Image\lab1\git\lab1\MXTmpFiles\system.tmp_save
2023-09-25 08:35:15,808 [INFO] CodeEngine:257 - Generated code: D:\lab1_Image\lab1\git\lab1\MXTmpFiles\system.tmp
2023-09-25 08:35:15,819 [INFO] CodeEngine:239 - oldGeneratedFile, D:\lab1_Image\lab1\git\lab1\Core\Inc\stm32f1xx_hal_conf.h_save
2023-09-25 08:35:15,892 [INFO] CodeEngine:257 - Generated code: D:\lab1_Image\lab1\git\lab1\Core\Inc\stm32f1xx_hal_conf.h
2023-09-25 08:35:15,942 [INFO] CodeEngine:239 - oldGeneratedFile, D:\lab1_Image\lab1\git\lab1\Core\Inc\main.h_save
2023-09-25 08:35:16,008 [INFO] CodeEngine:257 - Generated code: D:\lab1_Image\lab1\git\lab1\Core\Inc\main.h
2023-09-25 08:35:16,017 [INFO] CodeEngine:239 - oldGeneratedFile, D:\lab1_Image\lab1\git\lab1\Core\Src\main.c_save
2023-09-25 08:35:16,121 [INFO] CodeEngine:257 - Generated code: D:\lab1_Image\lab1\git\lab1\Core\Src\main.c
2023-09-25 08:35:16,785 [INFO] ProjectBuilder:2578 - Time for Copy HAL[1] : 45mS.
2023-09-25 08:35:16,787 [INFO] ProjectBuilder:3622 - Project Generator version: 3.14.1
2023-09-25 08:35:17,179 [INFO] ConfigFileManager:1271 - The Die is : DIE412
2023-09-25 08:35:18,552 [INFO] ProjectBuilder:3789 - Time for Generating toolchain IDE Files: 1765mS.
2023-09-25 08:35:18,553 [INFO] ProjectBuilder:2457 - Time for Copy CMSIS : 0mS.
2023-09-25 08:35:18,554 [INFO] ProjectBuilder:2457 - Time for Copy CMSIS : 0mS.
2023-09-25 08:52:11,166 [INFO] UtilMem:74 - End SaveConfig() Used Memory: 776501104 Bytes (1073741824)
2023-09-25 08:52:12,647 [INFO] UtilMem:74 - End SaveConfig() Used Memory: 798655720 Bytes (1073741824)
2023-09-25 08:52:14,905 [INFO] UtilMem:74 - End SaveConfig() Used Memory: 884392664 Bytes (1073741824)
2023-09-25 08:52:15,121 [INFO] BlockDiagram:2740 - set Specific Code input for plugin: NVIC
2023-09-25 08:52:15,121 [INFO] BlockDiagram:2740 - set Specific Code input for plugin: SYS
2023-09-25 08:52:15,121 [INFO] BlockDiagram:2740 - set Specific Code input for plugin: GPIO
2023-09-25 08:52:15,121 [INFO] BlockDiagram:2740 - set Specific Code input for plugin: RCC
2023-09-25 08:52:15,121 [INFO] CodeGenerator:663 - code generatio: config db path: D:\IDEmcu\STM32CubeIDE_1.7.0\STM32CubeIDE\plugins\com.st.stm32cube.common.mx_6.3.0.202107141111\\db\
2023-09-25 08:52:15,355 [INFO] CodeEngine:239 - oldGeneratedFile, D:\lab1_Image\lab1\git\lab1\MXTmpFiles\license.tmp_save
2023-09-25 08:52:15,430 [INFO] CodeEngine:257 - Generated code: D:\lab1_Image\lab1\git\lab1\MXTmpFiles\license.tmp
2023-09-25 08:52:15,450 [INFO] CodeEngine:239 - oldGeneratedFile, D:\lab1_Image\lab1\git\lab1\MXTmpFiles\gpio.tmp_save
2023-09-25 08:52:15,511 [INFO] CodeEngine:257 - Generated code: D:\lab1_Image\lab1\git\lab1\MXTmpFiles\gpio.tmp
2023-09-25 08:52:15,590 [INFO] CodeEngine:239 - oldGeneratedFile, D:\lab1_Image\lab1\git\lab1\Core\Src\stm32f1xx_it.c_save
2023-09-25 08:52:15,681 [INFO] CodeEngine:257 - Generated code: D:\lab1_Image\lab1\git\lab1\Core\Src\stm32f1xx_it.c
2023-09-25 08:52:15,681 [INFO] CodeEngine:239 - oldGeneratedFile, D:\lab1_Image\lab1\git\lab1\Core\Inc\stm32f1xx_it.h_save
2023-09-25 08:52:15,752 [INFO] CodeEngine:257 - Generated code: D:\lab1_Image\lab1\git\lab1\Core\Inc\stm32f1xx_it.h
2023-09-25 08:52:15,762 [INFO] CodeEngine:239 - oldGeneratedFile, D:\lab1_Image\lab1\git\lab1\Core\Src\stm32f1xx_hal_msp.c_save
2023-09-25 08:52:15,833 [INFO] CodeEngine:257 - Generated code: D:\lab1_Image\lab1\git\lab1\Core\Src\stm32f1xx_hal_msp.c
2023-09-25 08:52:15,843 [INFO] CodeEngine:239 - oldGeneratedFile, D:\lab1_Image\lab1\git\lab1\MXTmpFiles\system.tmp_save
2023-09-25 08:52:15,873 [INFO] CodeEngine:257 - Generated code: D:\lab1_Image\lab1\git\lab1\MXTmpFiles\system.tmp
2023-09-25 08:52:15,893 [INFO] CodeEngine:239 - oldGeneratedFile, D:\lab1_Image\lab1\git\lab1\Core\Inc\stm32f1xx_hal_conf.h_save
2023-09-25 08:52:15,965 [INFO] CodeEngine:257 - Generated code: D:\lab1_Image\lab1\git\lab1\Core\Inc\stm32f1xx_hal_conf.h
2023-09-25 08:52:15,985 [INFO] CodeEngine:239 - oldGeneratedFile, D:\lab1_Image\lab1\git\lab1\Core\Inc\main.h_save
2023-09-25 08:52:16,056 [INFO] CodeEngine:257 - Generated code: D:\lab1_Image\lab1\git\lab1\Core\Inc\main.h
2023-09-25 08:52:16,066 [INFO] CodeEngine:239 - oldGeneratedFile, D:\lab1_Image\lab1\git\lab1\Core\Src\main.c_save
2023-09-25 08:52:16,178 [INFO] CodeEngine:257 - Generated code: D:\lab1_Image\lab1\git\lab1\Core\Src\main.c
2023-09-25 08:52:16,857 [INFO] ProjectBuilder:2578 - Time for Copy HAL[1] : 70mS.
2023-09-25 08:52:16,857 [INFO] ProjectBuilder:3622 - Project Generator version: 3.14.1
2023-09-25 08:52:17,247 [INFO] ConfigFileManager:1271 - The Die is : DIE412
2023-09-25 08:52:18,615 [INFO] ProjectBuilder:3789 - Time for Generating toolchain IDE Files: 1758mS.
2023-09-25 08:52:18,615 [INFO] ProjectBuilder:2457 - Time for Copy CMSIS : 0mS.
2023-09-25 08:52:18,625 [INFO] ProjectBuilder:2457 - Time for Copy CMSIS : 0mS.
